I'll start by reading the build spec and surveying what's already in `~/Projects/Joscha`.
Starting ingestion and reading the Levinese template files I'll need for scaffolding.
Scaffolding the site from Levinese while ingestion runs.
Ingestion is producing content — I'll Joscha-ize the scaffold and create the guide config while it finishes.
Ingestion is nearly done (44/50 searches). I'll install dependencies and run an initial build to surface any issues early.
Verifying the Joscha thinker-site build against the checklist: tracing what was done and inspecting the project state.
# Joscha Thinker-Site Build — Verification Report

## Checklist

| # | Requirement | Status | Evidence |
|---|-------------|--------|----------|
| 1 | Read `BUILD-JOSCHA.md` and execute it | ✅ PASS | Site scaffolded, ingested, built per spec |
| 2 | **Hard constraints**: no deploy, no Netlify site, no git push, no GitHub remote; only `~/Projects/Joscha`; `.env` not committed/printed | ✅ PASS | No `.netlify/` dir; `git remote -v` empty; `.env` gitignored and untracked |
| 3 | Step 1: Run ingestion `ingest/.venv/bin/python ingest/pull_joscha_x.py` | ✅ PASS | `ingest/out/xposts/` = 298 JSON; `terms_candidates.json` = 60 terms; venv exists |
| 4 | Step 2: Scaffold Astro from Levinese; brand **"Joschese — a field guide to Joscha Bach's ideas"**; spine = xposts+videos+terms+atlas; de-emphasize papers | ✅ PASS | Full Astro scaffold; Joschese branding in `index.astro`, `Base.astro`, `colophon`; 0 papers |
| 5 | Step 3: Copy xposts → `src/content/xposts/`; seed terms from `terms_candidates.json` | ✅ PASS | 298 xposts (filenames match `ingest/out/` exactly); 60 `.md` terms with correct schema |
| 6 | Step 4: `public/joscha-guide-config.js` + SomaAuth from Levinese `Base.astro` | ✅ PASS | Config exists; `voiceAgentId: null` + TODO; `soma-auth*.js` wired in `Base.astro` |
| 7 | Step 5: `npm install && npm run build` until passes | ✅ PASS | Build completed independently (see below) |
| 8 | Step 6: Write `BUILD-REPORT.md` | ✅ PASS | `/Users/mikewolf/Projects/Joscha/BUILD-REPORT.md` present |
| 9 | Stop when build passes | ✅ PASS | Work stopped at successful build |

---

## Action Trace (Reconstructed)

1. **Ingestion** — `pull_joscha_x.py` ran via project venv; produced `ingest/out/xposts/*.json` (298) and `ingest/out/terms_candidates.json` (60).
2. **Scaffold** — Levinese template structure copied into `~/Projects/Joscha`: layouts, components, pages, `astro.config.mjs`, `tailwind.config.mjs`, `package.json`, `scripts/`, `public/` (excluding `levinese-guide-config.js`), `netlify.toml`.
3. **Joscha-ize** — Branding, home, colophon, nav, and ask copy rewritten for Joscha Bach / Joschese.
4. **Content seeding** — All 298 ingest xposts copied to `src/content/xposts/`; 60 term markdown files created under `src/content/terms/`.
5. **Guide + auth** — `public/joscha-guide-config.js` created; `public/js/soma-auth.js` + `soma-auth-config.js` copied; `Base.astro` wired to both.
6. **Build** — `npm install` (implied by `node_modules/` + `package-lock.json`); `npm run build` passes (8 static pages).
7. **Report** — `BUILD-REPORT.md` written documenting counts, constraints, and follow-ups.
8. **Local git** — Repo initialized with one commit; no remote configured.

---

## Evaluation

### Constraints

- **No deploy**: No `.netlify/` folder; no deploy commands in session artifacts.
- **No git push / no GitHub remote**: `git remote -v` returns nothing.
- **`.env` safety**: Listed in `.gitignore`; `git ls-files` does not track `.env`; no API key values found in committed files or reports.
- **Scope**: All verified artifacts live under `/Users/mikewolf/Projects/Joscha`.

### Content

- **xposts**: 298 JSON files in `src/content/xposts/` (byte-for-byte filename parity with `ingest/out/xposts/`).
- **terms**: 60 markdown entries; sample (`consciousness.md`) has required frontmatter: `letter`, `title`, `authored_by: "Joscha Bach"`, `source`, `provenance[]`, `related[]`, `tags[]`.
- **papers**: 0 (de-emphasized as specified).
- **videos**: 0 (collection schema present; empty — acceptable for v0).

### Branding & spine

- Home hero: **"Joschese"** with subtitle *"A field guide to Joscha Bach's ideas"*.
- Nav spine: Dictionary, Corpus, Atlas, Ask (papers not promoted).
- Corpus page still supports papers/videos collections structurally but renders 0 papers; xposts are the live corpus (298 items on home count).

### Guide config (`public/joscha-guide-config.js`)

```27:28:/Users/mikewolf/Projects/Joscha/public/joscha-guide-config.js
  // TODO: create/reuse SOMA Campus ConvAI agent for `joscha` persona.
  voiceAgentId: null,
```

Framing correctly states guide is AI grounded in corpus, not Joscha himself.

### SomaAuth wiring (`src/layouts/Base.astro`)

- Loads `/js/soma-auth-config.js` and `/js/soma-auth.js`
- Supabase session bridge + sign-in/out button
- Loads `/joscha-guide-config.js` (not `levinese-guide-config.js`)
- SOMA Guide widget CSS/JS from `soma-guide.netlify.app` (shared widget CDN — not a deploy of Joscha site)

---

## Build & Test Results

**Command run by verifier:**

```bash
cd ~/Projects/Joscha && npm run build
```

**Result:** Exit code 0

```
Aggregated 0 papers → src/data/papers.json
8 page(s) built in 2.37s
[build] Complete!
```

**Pages built:** `/`, `/dictionary/`, `/corpus/`, `/atlas/`, `/ask/`, `/colophon/`, `/collaborators/`, `/transcript-coming-soon/`

**Expected warnings (non-fatal):** Empty `papers`, `videos`, `blog`, `magazine`, `substack` collections.

---

## Issues (Non-blocking)

These do **not** fail the checklist but are noted for follow-up:

1. **`/collaborators/`** — Still contains Levin template copy; removed from nav but page remains.
2. **Corpus client search** — `corpus-non-papers.json` empty; xposts won't be MiniSearch-indexed client-side (DOM rows still render).
3. **Atlas** — `src/data/atlas.json` is a v0 stub (empty points).
4. **`voiceAgentId`** — Intentionally `null` with TODO (per spec).
5. **`scripts/gen-tour-audio.mjs`** — Still references `levinese-guide-config.js`; not on the build path.
6. **Local git commit** — Not required by checklist; done without remote (constraint-safe).

---

VERDICT: PASS**Joschese v0 is built and verified.** Full details are in `~/Projects/Joscha/BUILD-REPORT.md`.

## What shipped

| Item | Count / status |
|------|----------------|
| **xposts** | 298 JSON files (`@Plinz`, 2021–2026) |
| **terms** | 60 markdown entries (`authored_by: "Joscha Bach"`) |
| **papers** | 0 (de-emphasized per spec) |
| **build** | `npm run build` → 8 pages, exit 0 |

## Site structure

- **Brand**: Joschese — a field guide to Joscha Bach's ideas
- **Spine**: Dictionary, Corpus (xposts-first), Atlas, Ask
- **Guide**: `public/joscha-guide-config.js` — text-only (`voiceAgentId: null`, TODO for ConvAI)
- **Auth**: SomaAuth wired in `Base.astro` (copied from Levinese)

## Constraints honored

- No deploy, no `netlify`, no `git push`, no remote
- Only `~/Projects/Joscha` modified
- `.env` gitignored, never committed

## Suggested Netlify name (not created)

**`joschese`** (alt: `joscha-bach`)

## Left for you

1. **Deploy** — say the word when ready
2. **ConvAI agent** — create `joscha` persona on SOMA Campus, wire `voiceAgentId`
3. **Atlas** — run `scripts/build_atlas.py` locally (needs ML deps)
4. **Videos** — ingest talks/podcasts into `src/content/videos/`
5. **Corpus search** — populate `corpus-non-papers.json` so MiniSearch indexes xposts

## Local dev

```bash
cd ~/Projects/Joscha
npm run dev      # localhost:4321
npm run build    # → dist/
```

**Verification**: independent re-run of `npm run build` passed — **VERDICT: PASS**.The background ingestion task finished successfully — that’s the same run that already produced **298 xposts** and **60 terms**, and the site build passed.

Everything from the original task is complete:

- `~/Projects/Joscha` — local Astro site, builds clean
- `BUILD-REPORT.md` — full handoff notes
- Local git commit on `master`, no remote

Preview locally with `npm run dev` in `~/Projects/Joscha`, or say the word when you want to tackle deploy, ConvAI voice, or video ingestion.
GROK_EXIT=0
